[debug] [2023-01-02T20:01:48.785Z] ----------------------------------------------------------------------
[debug] [2023-01-02T20:01:48.786Z] Command:       C:\Program Files\nodejs\node.exe C:\Users\R GAGAN KUMAR\AppData\Roaming\npm\node_modules\firebase-tools\lib\bin\firebase.js deploy
[debug] [2023-01-02T20:01:48.787Z] CLI Version:   11.19.0
[debug] [2023-01-02T20:01:48.787Z] Platform:      win32
[debug] [2023-01-02T20:01:48.787Z] Node Version:  v16.17.1
[debug] [2023-01-02T20:01:48.788Z] Time:          Tue Jan 03 2023 01:31:48 GMT+0530 (India Standard Time)
[debug] [2023-01-02T20:01:48.788Z] ----------------------------------------------------------------------
[debug] 
[debug] [2023-01-02T20:01:48.853Z] > command requires scopes: ["email","openid","https://www.googleapis.com/auth/cloudplatformprojects.readonly","https://www.googleapis.com/auth/firebase","https://www.googleapis.com/auth/cloud-platform"]
[debug] [2023-01-02T20:01:48.854Z] > authorizing via signed-in user (triboontool@gmail.com)
[debug] [2023-01-02T20:01:48.854Z] [iam] checking project triboon-f47a3 for permissions ["firebase.projects.get","firebasehosting.sites.update","firebaserules.releases.create","firebaserules.releases.update","firebaserules.rulesets.create"]
[debug] [2023-01-02T20:01:48.856Z] >>> [apiv2][query] POST https://cloudresourcemanager.googleapis.com/v1/projects/triboon-f47a3:testIamPermissions [none]
[debug] [2023-01-02T20:01:48.856Z] >>> [apiv2][(partial)header] POST https://cloudresourcemanager.googleapis.com/v1/projects/triboon-f47a3:testIamPermissions x-goog-quota-user=projects/triboon-f47a3
[debug] [2023-01-02T20:01:48.856Z] >>> [apiv2][body] POST https://cloudresourcemanager.googleapis.com/v1/projects/triboon-f47a3:testIamPermissions {"permissions":["firebase.projects.get","firebasehosting.sites.update","firebaserules.releases.create","firebaserules.releases.update","firebaserules.rulesets.create"]}
[debug] [2023-01-02T20:01:53.118Z] <<< [apiv2][status] POST https://cloudresourcemanager.googleapis.com/v1/projects/triboon-f47a3:testIamPermissions 200
[debug] [2023-01-02T20:01:53.118Z] <<< [apiv2][body] POST https://cloudresourcemanager.googleapis.com/v1/projects/triboon-f47a3:testIamPermissions {"permissions":["firebase.projects.get","firebasehosting.sites.update","firebaserules.releases.create","firebaserules.releases.update","firebaserules.rulesets.create"]}
[debug] [2023-01-02T20:01:53.121Z] >>> [apiv2][query] GET https://firebase.googleapis.com/v1beta1/projects/triboon-f47a3 [none]
[debug] [2023-01-02T20:01:56.441Z] <<< [apiv2][status] GET https://firebase.googleapis.com/v1beta1/projects/triboon-f47a3 200
[debug] [2023-01-02T20:01:56.442Z] <<< [apiv2][body] GET https://firebase.googleapis.com/v1beta1/projects/triboon-f47a3 {"projectId":"triboon-f47a3","projectNumber":"416085444986","displayName":"triboon","name":"projects/triboon-f47a3","resources":{"hostingSite":"triboon-f47a3","realtimeDatabaseInstance":"triboon-f47a3-default-rtdb","storageBucket":"triboon-f47a3.appspot.com","locationId":"us-central"},"state":"ACTIVE","etag":"1_b5f8dc31-e928-4cd3-8947-cf3260184f09"}
[info] 
[info] === Deploying to 'triboon-f47a3'...
[info] 
[info] i  deploying storage, hosting 
[debug] [2023-01-02T20:01:56.451Z] >>> [apiv2][query] GET https://appengine.googleapis.com/v1/apps/triboon-f47a3 [none]
[debug] [2023-01-02T20:01:59.709Z] <<< [apiv2][status] GET https://appengine.googleapis.com/v1/apps/triboon-f47a3 200
[debug] [2023-01-02T20:01:59.710Z] <<< [apiv2][body] GET https://appengine.googleapis.com/v1/apps/triboon-f47a3 {"name":"apps/triboon-f47a3","id":"triboon-f47a3","authDomain":"gmail.com","locationId":"us-central","codeBucket":"staging.triboon-f47a3.appspot.com","servingStatus":"SERVING","defaultHostname":"triboon-f47a3.uc.r.appspot.com","defaultBucket":"triboon-f47a3.appspot.com","serviceAccount":"triboon-f47a3@appspot.gserviceaccount.com","gcrDomain":"us.gcr.io","databaseType":"CLOUD_FIRESTORE","featureSettings":{"splitHealthChecks":true,"useContainerOptimizedOs":true}}
[info] i  firebase.storage: checking storage.rules for compilation errors... 
[debug] [2023-01-02T20:01:59.715Z] >>> [apiv2][query] POST https://firebaserules.googleapis.com/v1/projects/triboon-f47a3:test [none]
[debug] [2023-01-02T20:01:59.715Z] >>> [apiv2][body] POST https://firebaserules.googleapis.com/v1/projects/triboon-f47a3:test [omitted]
[debug] [2023-01-02T20:02:03.425Z] <<< [apiv2][status] POST https://firebaserules.googleapis.com/v1/projects/triboon-f47a3:test 200
[debug] [2023-01-02T20:02:03.425Z] <<< [apiv2][body] POST https://firebaserules.googleapis.com/v1/projects/triboon-f47a3:test {}
[info] +  firebase.storage: rules file storage.rules compiled successfully 
[debug] [2023-01-02T20:02:03.432Z] >>> [apiv2][query] POST https://firebasehosting.googleapis.com/v1beta1/projects/-/sites/triboon/versions [none]
[debug] [2023-01-02T20:02:03.432Z] >>> [apiv2][body] POST https://firebasehosting.googleapis.com/v1beta1/projects/-/sites/triboon/versions {"status":"CREATED","labels":{"deployment-tool":"cli-firebase"}}
[debug] [2023-01-02T20:02:09.226Z] <<< [apiv2][status] POST https://firebasehosting.googleapis.com/v1beta1/projects/-/sites/triboon/versions 200
[debug] [2023-01-02T20:02:09.227Z] <<< [apiv2][body] POST https://firebasehosting.googleapis.com/v1beta1/projects/-/sites/triboon/versions {"name":"projects/416085444986/sites/triboon/versions/6ed9114cb07b31ec","status":"CREATED","config":{},"labels":{"deployment-tool":"cli-firebase"}}
[debug] [2023-01-02T20:02:09.230Z] >>> [apiv2][query] GET https://firebaserules.googleapis.com/v1/projects/triboon-f47a3/releases pageSize=10&pageToken=
[debug] [2023-01-02T20:02:14.547Z] <<< [apiv2][status] GET https://firebaserules.googleapis.com/v1/projects/triboon-f47a3/releases 200
[debug] [2023-01-02T20:02:14.548Z] <<< [apiv2][body] GET https://firebaserules.googleapis.com/v1/projects/triboon-f47a3/releases {"releases":[{"name":"projects/triboon-f47a3/releases/cloud.firestore","rulesetName":"projects/triboon-f47a3/rulesets/bdf1e776-c58b-414a-ae43-b5009a03720e","createTime":"2022-12-11T23:48:24.674881Z","updateTime":"2022-12-11T23:48:48.685591Z"},{"name":"projects/triboon-f47a3/releases/firebase.storage/triboon-f47a3.appspot.com","rulesetName":"projects/triboon-f47a3/rulesets/8ef10a8d-e547-44f5-9061-965880c47fb3","createTime":"2022-12-12T04:02:33.157077Z","updateTime":"2023-01-02T07:17:26.394867Z"}]}
[debug] [2023-01-02T20:02:14.573Z] >>> [apiv2][query] GET https://firebaserules.googleapis.com/v1/projects/triboon-f47a3/rulesets/8ef10a8d-e547-44f5-9061-965880c47fb3 [none]
[debug] [2023-01-02T20:02:18.990Z] <<< [apiv2][status] GET https://firebaserules.googleapis.com/v1/projects/triboon-f47a3/rulesets/8ef10a8d-e547-44f5-9061-965880c47fb3 200
[debug] [2023-01-02T20:02:18.990Z] <<< [apiv2][body] GET https://firebaserules.googleapis.com/v1/projects/triboon-f47a3/rulesets/8ef10a8d-e547-44f5-9061-965880c47fb3 [omitted]
[info] i  storage: latest version of storage.rules already up to date, skipping upload... 
[info] i  hosting[triboon]: beginning deploy... 
[info] i  hosting[triboon]: found 54 files in build 
[debug] [2023-01-02T20:02:19.033Z] [hosting] uploading with 200 concurrency
[debug] [2023-01-02T20:02:19.042Z] [hosting] hash cache [YnVpbGQ] stored for 54 files
[debug] [2023-01-02T20:02:19.042Z] [hosting][hash queue][FINAL] {"max":3,"min":0,"avg":0.07615457397348578,"active":0,"complete":54,"success":54,"errored":0,"retried":0,"total":54,"elapsed":5}
[debug] [2023-01-02T20:02:19.042Z] >>> [apiv2][query] POST https://firebasehosting.googleapis.com/v1beta1/projects/416085444986/sites/triboon/versions/6ed9114cb07b31ec:populateFiles [none]
[debug] [2023-01-02T20:02:19.043Z] >>> [apiv2][body] POST https://firebasehosting.googleapis.com/v1beta1/projects/416085444986/sites/triboon/versions/6ed9114cb07b31ec:populateFiles {"files":{"/asset-manifest.json":"35f4a134674ba1cf4e1542990c1477e4e834232343d087c04c2def8a41608fc9","/favicon.ico":"a3bb3e539a15edebe5e4398563e9ff0ee890c7521fd50b1dbda9c9c2683a318d","/index.html":"6f219467fd2c18cb836435b2aa3f3aafd9d3a140c0f24b4b300b15369f029950","/logo192.png":"1a4dbf0841efcc2304df7bcaa6aac332da5851f74e7eabb1efb756dbc15d3013","/logo512.png":"fc1fc52da695674ab71abc922a53db7b1d7680ec02ea1b1ec91ffeaf8a31b2ac","/manifest.json":"fd225fab67cbb0f0f37560c6f8a8701f3d19c242c4eb0385c24cacf786009dd7","/precache-manifest.80d0b0b026a361c326077abedd46e76b.js":"14d938880843b06988400f82b63f38ed06e3a89bb46fe12b2f6b998e90dec2b8","/robots.txt":"bfe106a3fb878dc83461c86818bf74fc1bdc7f28538ba613cd3e775516ce8b49","/service-worker.js":"633b126b39f57839e0526c44b9fd8e50fe5975b4892d2edcd7cc6519ef358c8f","/static/css/main.5031c323.chunk.css":"d6ac1b461e77e41a7cf688e3feefbb5f3159fd5bdeaa0ccd4ae768fe587100b6","/static/css/main.5031c323.chunk.css.map":"f5f9409f0a63108cf9a33ced22c983042a68ebf1e4f32d28af91e6d79dbfc452","/static/js/2.a0f50052.chunk.js":"a0184efea86d0defc2c8f5ce5ca61c4d95119e54a98752d31b76d1b718d2f2b4","/static/js/2.a0f50052.chunk.js.LICENSE.txt":"d14cb010974efc75e5c53bc672f091464697f2f4ac86dd8d85f077d330b7773d","/static/js/2.a0f50052.chunk.js.map":"0bd6852423c2dc13301cee57a5e4d3525f8411f0f87e90cf9f81a990a1f46a25","/static/js/main.b6510309.chunk.js":"9a13a07dd70e25837b5c29869f5122680e5963dd2e48bb4b5e2f7e64c5449380","/static/js/main.b6510309.chunk.js.LICENSE.txt":"5d7e5b57938d46394ba5efca4f472d79b7221bc643cee649c4c4671e02100914","/static/js/main.b6510309.chunk.js.map":"695662308cb2589e764cc2422ccd8ead1a60119de828362b62ee9ba9ceb6d983","/static/js/runtime-main.c55c0280.js":"71d67500f13b350f127b212e340dd08c3ace6166720fde82f7098c80f23695e6","/static/js/runtime-main.c55c0280.js.map":"dd4d1e203128eb056c5c9ad688b4c3a230c6556cdece4c46d357510bbff6442f","/static/media/bug.5cb0401e.svg":"7313aeeecc82573795359a5e85903bbe411949c87373586ca221f1647d52ae79","/static/media/calendar.7b1f28e7.svg":"3020f6d5eeca270546a402208bd3c62c0085de2eb96d9dd17f6195c4a63d3502","/static/media/cards.be9df68b.svg":"a00387911357b9e075b8868b9cb66a12a7d9b7a3d1d225cba0e0d995403a4ec3","/static/media/charts.057753b0.svg":"601e627ef7bfe5da4724200a79907dc11fa508488bff9091fd9242c0093ae093","/static/media/chat.f7fdff03.svg":"7cb0b69aafa58098ff2fcb1148bded2a7eaab8a06ffa303137e38d7909cf5ba1","/static/media/create-account-office-dark.d34c7b50.jpeg":"b2e6a8a67fab5fae3a7a85b13791c6e83d762973f3569c4684b3db6e68ca9a26","/static/media/create-account-office.b116cde9.jpeg":"cb9902cd909f3a37d3302cc16f65e6721699f694e3c6dd649e7bdfe25bab6410","/static/media/danger.e1bc266c.svg":"b104b724c6d94a4f55b0b7a2a2f9032b5165c2151795ca80e0c00949cc4358ff","/static/media/edit.a4cc8019.svg":"6a1d751e73f20811fe0191e444a3446dec00413a34af6041704297e8d47a6302","/static/media/eye.d006455e.svg":"8c08d90b265d22f669cb5468f205ddf4ea0d065d52f02264c9472ed67c10fc8d","/static/media/forbidden.df8aaef7.svg":"497b25cb3229e0813646574917531e086ab4aaa8dce16c39693ec3c57b46feef","/static/media/forgot-password-office-dark.6db046dc.jpeg":"c26c308a21e32316bb4e72eb6c7f4b1d3469c259022811151a0011eba029b24b","/static/media/forgot-password-office.ac5c499b.jpeg":"598c4988a38477925f2f12aa9b3098a936372e5e6113805b80a55691b8664631","/static/media/forms.37ff675a.svg":"58ebed8f65e1fa727c3222efaeb06cc4a39c2f13beda03ec24e2dc2de73df163","/static/media/gray-user-icon.d4fc6f37.svg":"db8ce4c28806602c9a4b37f5e95f79e47e3586dfe76e39db88cc1952edbd665d","/static/media/green-tick-icon.d97fd412.svg":"f55466f1301d06bb932aa48bbfb6579d64b50f461f1118142da674a735a83052","/static/media/home.07177472.svg":"31ec3989d4e43a821d76c475b42bfd0f374812f195722e3db4fdca214c8f9daf","/static/media/login-office-dark.635369a3.jpeg":"c6d15be907b3542bf493927fe01afeb9840e79daa98f22d6e5a25262bfbfbed9","/static/media/login-office.344df827.jpeg":"6ad286c1ce05606371bc6a3af3700c95245b9ec17284eecbbbb735c0c4798977","/static/media/mail.e8edbe5b.svg":"a237d79945bf2fee9e9e2a1a679fc0b7e8992d645650e254460621a90ce8a5e3","/static/media/menu.df9ba7c8.svg":"9e86384e91e11a4a1debd1f9445174375d4549e8ce1046bb0fd395f82d09f539","/static/media/modals.62a5a8ff.svg":"20c5ecfe9b615c5e997a1ef7dc02ee639e26c7d1ac369947b44b2e1f9e987fa2","/static/media/moon.cdf19a70.svg":"30f9cd0c23b1cdb1a92b78ad3f43f5dc8f8168833730883d4c4807dd77d32e29","/static/media/outlineCog.570b0d66.svg":"964b394dc8b69f73db20714b19dd21fd731728f14c8cf1a19f48e44299829751","/static/media/outlineLogout.42f24449.svg":"78d59ae8bc2ec632a12f8e31a30ab39ae022623240737498e64ca144ad6eaff8","/static/media/outlinePerson.50f0ae3e.svg":"06981a90e8918bc960b1a26fc82c79c29dc8c036f50cb914710660257691035e","/static/media/pages.6650d510.svg":"dce0c84bef534ed9609c38614f59e15637cc2efa883a845849816b447d3d7cdf","/static/media/people.c4fada77.svg":"1745d0180d8b26e82dbd79fec7d311cb2a5faf5bd40f3df653a3b0e5137e76d5","/static/media/search.70205477.svg":"585df41bcc480f840c7bb3f5bf69a3fe0f2347228c41eb2536239618c00fca9e","/static/media/send.0c8d7418.svg":"fa524b169d6eb491a69b72865d4686c46cd2df51b4669d2492e84f676e479e87","/static/media/sun.e72f14b8.svg":"38417ea949b7501e4429d7a4e24d692f113d52606fa0da28cf5488016dd1054f","/static/media/tables.b9ce44e7.svg":"15e58ff0e4a284d012471a6755e6a82d30ca86ba441573f5b2cde05f01d62b96","/static/media/trash.f3c7c3b2.svg":"5aecc23b2d1d406308486d4cf2389abaa1b74eae144079e72f5af3b04a470dbe","/static/media/upload.0178c85f.svg":"ed2829523435e7021288ab83e7e862c16dcf476d6cdfe33c0d78687f798fa519","/static/media/user.c9bb9092.svg":"75ad92c108e42b78cc9d1307717d8375b94f30e1e5ed1fff215c545365883f0a"}}
[debug] [2023-01-02T20:02:26.640Z] <<< [apiv2][status] POST https://firebasehosting.googleapis.com/v1beta1/projects/416085444986/sites/triboon/versions/6ed9114cb07b31ec:populateFiles 200
[debug] [2023-01-02T20:02:26.641Z] <<< [apiv2][body] POST https://firebasehosting.googleapis.com/v1beta1/projects/416085444986/sites/triboon/versions/6ed9114cb07b31ec:populateFiles {"uploadRequiredHashes":["a0184efea86d0defc2c8f5ce5ca61c4d95119e54a98752d31b76d1b718d2f2b4","0bd6852423c2dc13301cee57a5e4d3525f8411f0f87e90cf9f81a990a1f46a25"],"uploadUrl":"https://upload-firebasehosting.googleapis.com/upload/sites/triboon/versions/6ed9114cb07b31ec/files"}
[debug] [2023-01-02T20:02:26.644Z] >>> [apiv2][query] POST https://upload-firebasehosting.googleapis.com/upload/sites/triboon/versions/6ed9114cb07b31ec/files/a0184efea86d0defc2c8f5ce5ca61c4d95119e54a98752d31b76d1b718d2f2b4 [none]
[debug] [2023-01-02T20:02:26.645Z] >>> [apiv2][body] POST https://upload-firebasehosting.googleapis.com/upload/sites/triboon/versions/6ed9114cb07b31ec/files/a0184efea86d0defc2c8f5ce5ca61c4d95119e54a98752d31b76d1b718d2f2b4 [stream]
[debug] [2023-01-02T20:02:26.649Z] >>> [apiv2][query] POST https://upload-firebasehosting.googleapis.com/upload/sites/triboon/versions/6ed9114cb07b31ec/files/0bd6852423c2dc13301cee57a5e4d3525f8411f0f87e90cf9f81a990a1f46a25 [none]
[debug] [2023-01-02T20:02:26.649Z] >>> [apiv2][body] POST https://upload-firebasehosting.googleapis.com/upload/sites/triboon/versions/6ed9114cb07b31ec/files/0bd6852423c2dc13301cee57a5e4d3525f8411f0f87e90cf9f81a990a1f46a25 [stream]
[debug] [2023-01-02T20:02:26.652Z] [hosting][populate queue][FINAL] {"max":7603,"min":7603,"avg":7603,"active":0,"complete":1,"success":1,"errored":0,"retried":0,"total":1,"elapsed":7611}
[debug] [2023-01-02T20:02:26.652Z] [hosting] uploads queued: 2
[debug] [2023-01-02T20:02:57.062Z] [uploadQueue] Retrying task a0184efea86d0defc2c8f5ce5ca61c4d95119e54a98752d31b76d1b718d2f2b4
[debug] [2023-01-02T20:02:57.064Z] >>> [apiv2][query] POST https://upload-firebasehosting.googleapis.com/upload/sites/triboon/versions/6ed9114cb07b31ec/files/a0184efea86d0defc2c8f5ce5ca61c4d95119e54a98752d31b76d1b718d2f2b4 [none]
[debug] [2023-01-02T20:02:57.064Z] >>> [apiv2][body] POST https://upload-firebasehosting.googleapis.com/upload/sites/triboon/versions/6ed9114cb07b31ec/files/a0184efea86d0defc2c8f5ce5ca61c4d95119e54a98752d31b76d1b718d2f2b4 [stream]
[debug] [2023-01-02T20:03:27.884Z] [uploadQueue] Retrying task a0184efea86d0defc2c8f5ce5ca61c4d95119e54a98752d31b76d1b718d2f2b4
[debug] [2023-01-02T20:03:27.885Z] >>> [apiv2][query] POST https://upload-firebasehosting.googleapis.com/upload/sites/triboon/versions/6ed9114cb07b31ec/files/a0184efea86d0defc2c8f5ce5ca61c4d95119e54a98752d31b76d1b718d2f2b4 [none]
[debug] [2023-01-02T20:03:27.885Z] >>> [apiv2][body] POST https://upload-firebasehosting.googleapis.com/upload/sites/triboon/versions/6ed9114cb07b31ec/files/a0184efea86d0defc2c8f5ce5ca61c4d95119e54a98752d31b76d1b718d2f2b4 [stream]
